<?xml version="1.0" encoding="UTF-8"?>
<!-- Generated by org.testng.reporters.JUnitReportReporter -->
<testsuite skipped="0" hostname="WKMIN2746738" name="com.bdd.stepDefinitions.RunnerTest" tests="3" failures="0" timestamp="03 Jan 2019 20:38:00 GMT" time="96.375" errors="0">
  <testcase name="feature" time="63.234" classname="com.bdd.stepDefinitions.RunnerTest"/>
  <testcase name="feature" time="28.180" classname="com.bdd.stepDefinitions.RunnerTest"/>
  <testcase name="feature" time="4.961" classname="com.bdd.stepDefinitions.RunnerTest"/>
</testsuite> <!-- com.bdd.stepDefinitions.RunnerTest -->
